<?xml version="1.0" encoding="UTF-8"?>
<testsuite name="MainKtTest" tests="4" skipped="0" failures="0" errors="0" timestamp="2023-12-19T20:13:17" hostname="DESKTOP-N2J2I0D" time="0.182">
  <properties/>
  <testcase name="readChat" classname="MainKtTest" time="0.18"/>
  <testcase name="addMessageNewChat" classname="MainKtTest" time="0.0"/>
  <testcase name="deleteChat" classname="MainKtTest" time="0.0"/>
  <testcase name="addMessageExistChat" classname="MainKtTest" time="0.001"/>
  <system-out><![CDATA[]]></system-out>
  <system-err><![CDATA[]]></system-err>
</testsuite>
